0 info it worked if it ends with ok
1 verbose cli [ '/Users/Sean/.nvm/versions/node/v5.5.0/bin/node',
1 verbose cli   '/Users/Sean/.nvm/versions/node/v5.5.0/bin/npm',
1 verbose cli   'run',
1 verbose cli   'dev' ]
2 info using npm@3.3.12
3 info using node@v5.5.0
4 verbose run-script [ 'predev', 'dev', 'postdev' ]
5 info lifecycle fairthreads-react-client@1.0.0~predev: fairthreads-react-client@1.0.0
6 silly lifecycle fairthreads-react-client@1.0.0~predev: no script for predev, continuing
7 info lifecycle fairthreads-react-client@1.0.0~dev: fairthreads-react-client@1.0.0
8 verbose lifecycle fairthreads-react-client@1.0.0~dev: unsafe-perm in lifecycle true
9 verbose lifecycle fairthreads-react-client@1.0.0~dev: PATH: /Users/Sean/.nvm/versions/node/v5.5.0/lib/node_modules/npm/bin/node-gyp-bin:/Users/Sean/Dropbox/Dev/fairthreads-react-client/node_modules/.bin:/Users/Sean/.nvm/versions/node/v5.5.0/bin:/Users/Sean/bin/Sencha/Cmd/5.1.2.52:/Users/Sean/bin/Sencha/Cmd/5.1.3.61:/Users/Sean/bin/Sencha/Cmd:/Users/Sean/bin/Sencha/Cmd/6.0.0.202:/Library/Java/JavaVirtualMachines/jdk1.8.0_51.jdk/Contents/Home/bin:/Users/Sean/bin/Sencha/Cmd:/usr/local/heroku/bin:/usr/local/heroku/bin:/usr/local/bin:/usr/local/sbin:~/bin:/Users/Sean/.rbenv/bin:/Users/Sean/.rbenv/shims:/usr/local/bin:/usr/bin:/bin:/usr/sbin:/sbin:/usr/local/git/bin:/usr/local/apache-ant-1.9.6/bin:/Users/sean/Library/Android/sdk/:/Users/sean/Library/Android/sdk/tools:/Users/sean/Library/Android/sdk/platform-tools
10 verbose lifecycle fairthreads-react-client@1.0.0~dev: CWD: /Users/Sean/Dropbox/Dev/fairthreads-react-client
11 silly lifecycle fairthreads-react-client@1.0.0~dev: Args: [ '-c', 'webpack-dev-server --progress --inline --hot' ]
12 silly lifecycle fairthreads-react-client@1.0.0~dev: Returned: code: 1  signal: null
13 info lifecycle fairthreads-react-client@1.0.0~dev: Failed to exec dev script
14 verbose stack Error: fairthreads-react-client@1.0.0 dev: `webpack-dev-server --progress --inline --hot`
14 verbose stack Exit status 1
14 verbose stack     at EventEmitter.<anonymous> (/Users/Sean/.nvm/versions/node/v5.5.0/lib/node_modules/npm/lib/utils/lifecycle.js:232:16)
14 verbose stack     at emitTwo (events.js:100:13)
14 verbose stack     at EventEmitter.emit (events.js:185:7)
14 verbose stack     at ChildProcess.<anonymous> (/Users/Sean/.nvm/versions/node/v5.5.0/lib/node_modules/npm/lib/utils/spawn.js:24:14)
14 verbose stack     at emitTwo (events.js:100:13)
14 verbose stack     at ChildProcess.emit (events.js:185:7)
14 verbose stack     at maybeClose (internal/child_process.js:821:16)
14 verbose stack     at Process.ChildProcess._handle.onexit (internal/child_process.js:211:5)
15 verbose pkgid fairthreads-react-client@1.0.0
16 verbose cwd /Users/Sean/Dropbox/Dev/fairthreads-react-client
17 error Darwin 15.0.0
18 error argv "/Users/Sean/.nvm/versions/node/v5.5.0/bin/node" "/Users/Sean/.nvm/versions/node/v5.5.0/bin/npm" "run" "dev"
19 error node v5.5.0
20 error npm  v3.3.12
21 error code ELIFECYCLE
22 error fairthreads-react-client@1.0.0 dev: `webpack-dev-server --progress --inline --hot`
22 error Exit status 1
23 error Failed at the fairthreads-react-client@1.0.0 dev script 'webpack-dev-server --progress --inline --hot'.
23 error Make sure you have the latest version of node.js and npm installed.
23 error If you do, this is most likely a problem with the fairthreads-react-client package,
23 error not with npm itself.
23 error Tell the author that this fails on your system:
23 error     webpack-dev-server --progress --inline --hot
23 error You can get their info via:
23 error     npm owner ls fairthreads-react-client
23 error There is likely additional logging output above.
24 verbose exit [ 1, true ]
